<?xml version="1.0" encoding="UTF-8"?>
<!-- Generated by org.testng.reporters.JUnitReportReporter -->
<testsuite hostname="LIN16009401" name="AppiumClass.Testng1" tests="1" failures="0" timestamp="27 Apr 2018 06:49:36 GMT" time="0.008" errors="0">
  <testcase name="atestMethod1" time="0.008" classname="AppiumClass.Testng1"/>
</testsuite> <!-- AppiumClass.Testng1 -->
