<?xml version="1.0" encoding="UTF-8"?>
<!-- Generated by org.testng.reporters.JUnitReportReporter -->
<testsuite hostname="LIN16009401" name="AppiumClass.Testng2" tests="2" failures="0" timestamp="13 Apr 2018 06:34:45 GMT" time="0.010" errors="0">
  <testcase name="acreateDoc" time="0.003" classname="AppiumClass.Testng2"/>
  <testcase name="createDoc" time="0.007" classname="AppiumClass.Testng2"/>
</testsuite> <!-- AppiumClass.Testng2 -->
