<?xml version="1.0" encoding="UTF-8"?>
<!-- Generated by org.testng.reporters.JUnitReportReporter -->
<testsuite hostname="LIN16009401" name="AppiumClass.Testng" tests="2" failures="0" timestamp="13 Apr 2018 06:34:45 GMT" time="0.014" errors="0">
  <testcase name="acreateDoc" time="0.008" classname="AppiumClass.Testng"/>
  <testcase name="createDoc" time="0.006" classname="AppiumClass.Testng"/>
</testsuite> <!-- AppiumClass.Testng -->
